c:\dev\hello-world\hello-world\x64\debug\core.i
c:\dev\hello-world\hello-world\x64\debug\hobby.i
c:\dev\hello-world\hello-world\x64\debug\main.i
c:\dev\hello-world\hello-world\x64\debug\person.i
c:\dev\hello-world\hello-world\x64\debug\school.i
c:\dev\hello-world\hello-world\x64\debug\university.i
c:\dev\hello-world\hello-world\x64\debug\hello-world.pch
c:\dev\hello-world\hello-world\x64\debug\vc143.pdb
c:\dev\hello-world\hello-world\x64\debug\vc143.idb
c:\dev\hello-world\hello-world\x64\debug\core.obj
c:\dev\hello-world\hello-world\x64\debug\main.obj
c:\dev\hello-world\hello-world\x64\debug\hobby.obj
c:\dev\hello-world\hello-world\x64\debug\person.obj
c:\dev\hello-world\hello-world\x64\debug\school.obj
c:\dev\hello-world\hello-world\x64\debug\university.obj
c:\dev\hello-world\hello-world\x64\debug\hello-world.ilk
c:\dev\hello-world\x64\debug\hello-world.exe
c:\dev\hello-world\x64\debug\hello-world.pdb
c:\dev\hello-world\hello-world\x64\debug\hello-world.tlog\cl.command.1.tlog
c:\dev\hello-world\hello-world\x64\debug\hello-world.tlog\cl.read.1.tlog
c:\dev\hello-world\hello-world\x64\debug\hello-world.tlog\cl.write.1.tlog
c:\dev\hello-world\hello-world\x64\debug\hello-world.tlog\link.command.1.tlog
c:\dev\hello-world\hello-world\x64\debug\hello-world.tlog\link.read.1.tlog
c:\dev\hello-world\hello-world\x64\debug\hello-world.tlog\link.write.1.tlog
